<?xml version='1.0' encoding='UTF-8'?>
<testsuite hostname="TTV-DT-PHP10" name="LexerSuite" tests="100" errors="0" failures="0" skipped="0" time="0.856">
                     <properties>
[...]
</properties>
                     <testcase classname="LexerSuite" name="a simple identifier" time="0.074">
                                                 
                                               </testcase><testcase classname="LexerSuite" name="half function declare" time="0.016">
                                                 
                                               </testcase><testcase classname="LexerSuite" name="open and close parentheses" time="0.009">
                                                 
                                               </testcase><testcase classname="LexerSuite" name="test block comment" time="0.019">
                                                 
                                               </testcase><testcase classname="LexerSuite" name="test block and new line comment" time="0.007">
                                                 
                                               </testcase><testcase classname="LexerSuite" name="test line comment" time="0.014">
                                                 
                                               </testcase><testcase classname="LexerSuite" name="test block comment mix lexer" time="0.01">
                                                 
                                               </testcase><testcase classname="LexerSuite" name="test line mix block comment" time="0.005">
                                                 
                                               </testcase><testcase classname="LexerSuite" name="test index array type" time="0.015">
                                                 
                                               </testcase><testcase classname="LexerSuite" name="test add op index array type" time="0.032">
                                                 
                                               </testcase><testcase classname="LexerSuite" name="test keyword mix string" time="0.007">
                                                 
                                               </testcase><testcase classname="LexerSuite" name="test int mix string" time="0.012">
                                                 
                                               </testcase><testcase classname="LexerSuite" name="test hexa number mix string" time="0.009">
                                                 
                                               </testcase><testcase classname="LexerSuite" name="test float number with dec part" time="0.009">
                                                 
                                               </testcase><testcase classname="LexerSuite" name="test float with ex part" time="0.008">
                                                 
                                               </testcase><testcase classname="LexerSuite" name="test float number full part" time="0.006">
                                                 
                                               </testcase><testcase classname="LexerSuite" name="test operator" time="0.039">
                                                 
                                               </testcase><testcase classname="LexerSuite" name="test compare" time="0.012">
                                                 
                                               </testcase><testcase classname="LexerSuite" name="test bracket operator" time="0.011">
                                                 
                                               </testcase><testcase classname="LexerSuite" name="test assignment express" time="0.009">
                                                 
                                               </testcase><testcase classname="LexerSuite" name="test return express" time="0.004">
                                                 
                                               </testcase><testcase classname="LexerSuite" name="test if statement" time="0.011">
                                                 
                                               </testcase><testcase classname="LexerSuite" name="test break" time="0.01">
                                                 
                                               </testcase><testcase classname="LexerSuite" name="test void main function" time="0.012">
                                                 
                                               </testcase><testcase classname="LexerSuite" name="test for statement" time="0.013">
                                                 
                                               </testcase><testcase classname="LexerSuite" name="test var declare" time="0.004">
                                                 
                                               </testcase><testcase classname="LexerSuite" name="test array with size declare" time="0.007">
                                                 
                                               </testcase><testcase classname="LexerSuite" name="test many variables declare" time="0.005">
                                                 
                                               </testcase><testcase classname="LexerSuite" name="test function declare" time="0.011">
                                                 
                                               </testcase><testcase classname="LexerSuite" name="test function with parameters declare" time="0.005">
                                                 
                                               </testcase><testcase classname="LexerSuite" name="test function with parameters declare not complete" time="0.02">
                                                 
                                               </testcase><testcase classname="LexerSuite" name="test variable declare not complete" time="0.018">
                                                 
                                               </testcase><testcase classname="LexerSuite" name="test if statement expr statement" time="0.005">
                                                 
                                               </testcase><testcase classname="LexerSuite" name="test if statement intlit statement" time="0.012">
                                                 
                                               </testcase><testcase classname="LexerSuite" name="test if statement identifiers statement" time="0.006">
                                                 
                                               </testcase><testcase classname="LexerSuite" name="test signed int" time="0.01">
                                                 
                                               </testcase><testcase classname="LexerSuite" name="test not signed integer" time="0.004">
                                                 
                                               </testcase><testcase classname="LexerSuite" name="test assign not signed integer" time="0.006">
                                                 
                                               </testcase><testcase classname="LexerSuite" name="test assign expression" time="0.007">
                                                 
                                               </testcase><testcase classname="LexerSuite" name="test assign function call" time="0.004">
                                                 
                                               </testcase><testcase classname="LexerSuite" name="test assign function call with parameters list" time="0.004">
                                                 
                                               </testcase><testcase classname="LexerSuite" name="test return function call" time="0.004">
                                                 
                                               </testcase><testcase classname="LexerSuite" name="test function call statement" time="0.006">
                                                 
                                               </testcase><testcase classname="LexerSuite" name="test function expression statement" time="0.005">
                                                 
                                               </testcase><testcase classname="LexerSuite" name="test function do while empty statement" time="0.008">
                                                 
                                               </testcase><testcase classname="LexerSuite" name="test function do while one statement" time="0.003">
                                                 
                                               </testcase><testcase classname="LexerSuite" name="test function do while block statement" time="0.005">
                                                 
                                               </testcase><testcase classname="LexerSuite" name="test function do while expr call for block statement" time="0.006">
                                                 
                                               </testcase><testcase classname="LexerSuite" name="test if else statement" time="0.007">
                                                 
                                               </testcase><testcase classname="LexerSuite" name="test if nested else  statement" time="0.004">
                                                 
                                               </testcase><testcase classname="LexerSuite" name="test float div statement" time="0.005">
                                                 
                                               </testcase><testcase classname="LexerSuite" name="test nested block comment inside line comment" time="0.004">
                                                 
                                               </testcase><testcase classname="LexerSuite" name="test string" time="0.006">
                                                 
                                               </testcase><testcase classname="LexerSuite" name="test string with other escape" time="0.004">
                                                 
                                               </testcase><testcase classname="LexerSuite" name="test string with tab" time="0.004">
                                                 
                                               </testcase><testcase classname="LexerSuite" name="test string with nested string" time="0.004">
                                                 
                                               </testcase><testcase classname="LexerSuite" name="test string with back slash string" time="0.003">
                                                 
                                               </testcase><testcase classname="LexerSuite" name="test string with new line" time="0.007">
                                                 
                                               </testcase><testcase classname="LexerSuite" name="test float with empty zero" time="0.01">
                                                 
                                               </testcase><testcase classname="LexerSuite" name="test float with non decimal" time="0.004">
                                                 
                                               </testcase><testcase classname="LexerSuite" name="test int type with negative sign" time="0.013">
                                                 
                                               </testcase><testcase classname="LexerSuite" name="test float type with negative sign" time="0.014">
                                                 
                                               </testcase><testcase classname="LexerSuite" name="test float type type with negative sign" time="0.005">
                                                 
                                               </testcase><testcase classname="LexerSuite" name="test initial variable index array element" time="0.007">
                                                 
                                               </testcase><testcase classname="LexerSuite" name="test assign int" time="0.004">
                                                 
                                               </testcase><testcase classname="LexerSuite" name="test index function return type" time="0.01">
                                                 
                                               </testcase><testcase classname="LexerSuite" name="test logic oprerators" time="0.011">
                                                 
                                               </testcase><testcase classname="LexerSuite" name="test return and operation" time="0.005">
                                                 
                                               </testcase><testcase classname="LexerSuite" name="test return sub mix add expression" time="0.005">
                                                 
                                               </testcase><testcase classname="LexerSuite" name="test for keyword and expression" time="0.004">
                                                 
                                               </testcase><testcase classname="LexerSuite" name="test break statement" time="0.005">
                                                 
                                               </testcase><testcase classname="LexerSuite" name="continue" time="0.004">
                                                 
                                               </testcase><testcase classname="LexerSuite" name="test multiple" time="0.003">
                                                 
                                               </testcase><testcase classname="LexerSuite" name="test declare error" time="0.007">
                                                 
                                               </testcase><testcase classname="LexerSuite" name="test void dunction" time="0.004">
                                                 
                                               </testcase><testcase classname="LexerSuite" name="test list declare variable" time="0.006">
                                                 
                                               </testcase><testcase classname="LexerSuite" name="test multiple assign" time="0.005">
                                                 
                                               </testcase><testcase classname="LexerSuite" name="test if return" time="0.003">
                                                 
                                               </testcase><testcase classname="LexerSuite" name="test int return" time="0.004">
                                                 
                                               </testcase><testcase classname="LexerSuite" name="test int operators" time="0.009">
                                                 
                                               </testcase><testcase classname="LexerSuite" name="test prefix underscore" time="0.009">
                                                 
                                               </testcase><testcase classname="LexerSuite" name="test suffix underscore" time="0.003">
                                                 
                                               </testcase><testcase classname="LexerSuite" name="test mix underscore" time="0.006">
                                                 
                                               </testcase><testcase classname="LexerSuite" name="test identifiers number suffix" time="0.006">
                                                 
                                               </testcase><testcase classname="LexerSuite" name="test identifiers nultiple underscore" time="0.003">
                                                 
                                               </testcase><testcase classname="LexerSuite" name="test capital letter" time="0.006">
                                                 
                                               </testcase><testcase classname="LexerSuite" name="test empty string" time="0.007">
                                                 
                                               </testcase><testcase classname="LexerSuite" name="test block comment with line" time="0.003">
                                                 
                                               </testcase><testcase classname="LexerSuite" name="test float mix identifiers" time="0.008">
                                                 
                                               </testcase><testcase classname="LexerSuite" name="test float identifiers" time="0.003">
                                                 
                                               </testcase><testcase classname="LexerSuite" name="test float sub identifiers" time="0.004">
                                                 
                                               </testcase><testcase classname="LexerSuite" name="test float add identifiers" time="0.011">
                                                 
                                               </testcase><testcase classname="LexerSuite" name="test no digit before e" time="0.009">
                                                 
                                               </testcase><testcase classname="LexerSuite" name="test float add identifiers with E" time="0.007">
                                                 
                                               </testcase><testcase classname="LexerSuite" name="test float sub identifiers with E" time="0.006">
                                                 
                                               </testcase><testcase classname="LexerSuite" name="test no digit before E" time="0.011">
                                                 
                                               </testcase><testcase classname="LexerSuite" name="test no digit before dot sub" time="0.005">
                                                 
                                               </testcase><testcase classname="LexerSuite" name="test no digit before dot add" time="0.009">
                                                 
                                               </testcase><testcase classname="LexerSuite" name="test no digit before dot sub with E" time="0.004">
                                                 
                                               </testcase><testcase classname="LexerSuite" name="test block comment in line comment with escape" time="0.008">
                                                 
                                               </testcase>
                     <system-out><![CDATA[]]></system-out>
                     <system-err><![CDATA[]]></system-err>
                   </testsuite>