Run starting. Expected test count is: 0
AstSuite:
- a simple empty main int type with parameter list 227 *** FAILED ***
  AstSuite.this.checkAst(input, expected, 227) was false (AstSuite.scala:174)
- a int function with no else if statement *** FAILED ***
  AstSuite.this.checkAst(input, expected, 235) was false (AstSuite.scala:305)
Run completed in 255 milliseconds.
Total number of tests run: 2
Suites: completed 1, aborted 0
Tests: succeeded 0, failed 2, canceled 0, ignored 0, pending 0
*** 2 TESTS FAILED ***
