<?xml version='1.0' encoding='UTF-8'?>
<testsuite hostname="VanLe" name="AstSuite" tests="3" errors="0" failures="0" skipped="0" time="0.296">
                     <properties>
[...]
</properties>
                     <testcase classname="AstSuite" name="a simple program" time="0.232">
                                                 
                                               </testcase><testcase classname="AstSuite" name="another simple program" time="0.039">
                                                 
                                               </testcase><testcase classname="AstSuite" name="call putIntLn" time="0.025">
                                                 
                                               </testcase>
                     <system-out><![CDATA[]]></system-out>
                     <system-err><![CDATA[]]></system-err>
                   </testsuite>